This is e-TeX, Version 3.141592-2.1 (MiKTeX 2.4) (preloaded format=latex 2000.11.28)  9 JUL 2010 15:02
entering extended mode
**mokken.tex
(mokken.tex
LaTeX2e <2001/06/01>
Babel <v3.7m> and hyphenation patterns for english, french, german, ngerman, du
mylang, nohyphenation, loaded.
(c:\program files\texmf\miktex\bin\..\..\tex\latex\base\report.cls
Document Class: report 2001/04/21 v1.4e Standard LaTeX document class
(c:\program files\texmf\miktex\bin\..\..\tex\latex\base\size11.clo
File: size11.clo 2001/04/21 v1.4e Standard LaTeX file (size option)
)
\c@part=\count79
\c@chapter=\count80
\c@section=\count81
\c@subsection=\count82
\c@subsubsection=\count83
\c@paragraph=\count84
\c@subparagraph=\count85
\c@figure=\count86
\c@table=\count87
\abovecaptionskip=\skip41
\belowcaptionskip=\skip42
\bibindent=\dimen102
)
(c:\program files\texmf\miktex\bin\..\..\tex\latex\graphics\graphicx.sty
Package: graphicx 1999/02/16 v1.0f Enhanced LaTeX Graphics (DPC,SPQR)

(c:\program files\texmf\miktex\bin\..\..\tex\latex\graphics\keyval.sty
Package: keyval 1999/03/16 v1.13 key=value parser (DPC)
\KV@toks@=\toks14
)
(c:\program files\texmf\miktex\bin\..\..\tex\latex\graphics\graphics.sty
Package: graphics 2001/07/07 v1.0n Standard LaTeX Graphics (DPC,SPQR)

(c:\program files\texmf\miktex\bin\..\..\tex\latex\graphics\trig.sty
Package: trig 1999/03/16 v1.09 sin cos tan (DPC)
)
(c:\program files\texmf\miktex\bin\..\..\tex\latex\00miktex\graphics.cfg
File: graphics.cfg 2003/03/12 v1.1 MiKTeX 'graphics' configuration
)
Package graphics Info: Driver file: dvips.def on input line 80.

(c:\program files\texmf\miktex\bin\..\..\tex\latex\graphics\dvips.def
File: dvips.def 1999/02/16 v3.0i Driver-dependant file (DPC,SPQR)
))
\Gin@req@height=\dimen103
\Gin@req@width=\dimen104
)
(c:\program files\texmf\miktex\bin\..\..\tex\latex\graphics\lscape.sty
Package: lscape 2000/10/22 v3.01 Landscape Pages (DPC)
)
(c:\program files\texmf\miktex\bin\..\..\tex\latex\hyperref\hyperref.sty
Package: hyperref 2003/11/15 v6.74l Hypertext links for LaTeX
\@linkdim=\dimen105
\Hy@linkcounter=\count88
\Hy@pagecounter=\count89

(c:\program files\texmf\miktex\bin\..\..\tex\latex\hyperref\pd1enc.def
File: pd1enc.def 2003/11/15 v6.74l Hyperref: PDFDocEncoding definition (HO)
)
(c:\program files\texmf\miktex\bin\..\..\tex\latex\00miktex\hyperref.cfg
File: hyperref.cfg 2003/03/08 v1.0 MiKTeX 'hyperref' configuration
)
Package hyperref Info: Option `colorlinks' set `true' on input line 1829.
Package hyperref Info: Option `bookmarks' set `true' on input line 1829.
Package hyperref Info: Option `breaklinks' set `true' on input line 1829.
Package hyperref Info: Hyper figures OFF on input line 1879.
Package hyperref Info: Link nesting OFF on input line 1884.
Package hyperref Info: Hyper index ON on input line 1887.
Package hyperref Info: Plain pages ON on input line 1892.
Package hyperref Info: Backreferencing OFF on input line 1899.

Implicit mode ON; LaTeX internals redefined
Package hyperref Info: Bookmarks ON on input line 2003.
(c:\program files\texmf\miktex\bin\..\..\tex\latex\ltxmisc\url.sty
\Urlmuskip=\muskip10
Package: url 1999/03/28  ver 1.5x  Verb mode for urls, etc.
)
LaTeX Info: Redefining \url on input line 2142.
\Fld@menulength=\count90
\Field@Width=\dimen106
\Fld@charsize=\dimen107
\Choice@toks=\toks15
\Field@toks=\toks16
Package hyperref Info: Hyper figures OFF on input line 2617.
Package hyperref Info: Link nesting OFF on input line 2622.
Package hyperref Info: Hyper index ON on input line 2625.
Package hyperref Info: backreferencing OFF on input line 2632.
Package hyperref Info: Link coloring ON on input line 2635.
\c@Item=\count91
\c@Hfootnote=\count92
)
*hyperref using default driver hypertex*
(c:\program files\texmf\miktex\bin\..\..\tex\latex\hyperref\hypertex.def
File: hypertex.def 2003/11/15 v6.74l Hyperref driver for HyperTeX specials
)
\c@example=\count93

(Sweave.sty
Package: Sweave 
 (c:\program files\texmf\miktex\bin\..\..\tex\latex\base\ifthen.sty
Package: ifthen 2001/05/26 v1.1c Standard LaTeX ifthen package (DPC)
) (fancyvrb.sty
Package: fancyvrb 1998/07/17

Style option: `fancyvrb' v2.6, with DG/SPQR fixes <1998/07/17> (tvz)
\FV@CodeLineNo=\count94
\FV@InFile=\read1
\FV@TabBox=\box26
\c@FancyVerbLine=\count95
\FV@StepNumber=\count96
\FV@OutFile=\write3

No file fancyvrb.cfg.
) (c:\program files\texmf\miktex\bin\..\..\tex\latex\base\fontenc.sty
Package: fontenc 2001/06/05 v1.94 Standard LaTeX package

(c:\program files\texmf\miktex\bin\..\..\tex\latex\base\t1enc.def
File: t1enc.def 2001/06/05 v1.94 Standard LaTeX file
LaTeX Font Info:    Redeclaring font encoding T1 on input line 38.
))
(c:\program files\texmf\miktex\bin\..\..\tex\latex\ae\ae.sty
Package: ae 2001/02/12 1.3 Almost European Computer Modern

(c:\program files\texmf\miktex\bin\..\..\tex\latex\base\fontenc.sty
Package: fontenc 2001/06/05 v1.94 Standard LaTeX package

(c:\program files\texmf\miktex\bin\..\..\tex\latex\base\t1enc.def
File: t1enc.def 2001/06/05 v1.94 Standard LaTeX file
LaTeX Font Info:    Redeclaring font encoding T1 on input line 38.
)
LaTeX Font Info:    Try loading font information for T1+aer on input line 95.

(c:\program files\texmf\miktex\bin\..\..\tex\latex\ae\t1aer.fd
File: t1aer.fd 1997/11/16 Font definitions for T1/aer.
)))) (mokken.aux)
LaTeX Font Info:    Checking defaults for OML/cmm/m/it on input line 10.
LaTeX Font Info:    ... okay on input line 10.
LaTeX Font Info:    Checking defaults for T1/cmr/m/n on input line 10.
LaTeX Font Info:    ... okay on input line 10.
LaTeX Font Info:    Checking defaults for OT1/cmr/m/n on input line 10.
LaTeX Font Info:    ... okay on input line 10.
LaTeX Font Info:    Checking defaults for OMS/cmsy/m/n on input line 10.
LaTeX Font Info:    ... okay on input line 10.
LaTeX Font Info:    Checking defaults for OMX/cmex/m/n on input line 10.
LaTeX Font Info:    ... okay on input line 10.
LaTeX Font Info:    Checking defaults for U/cmr/m/n on input line 10.
LaTeX Font Info:    ... okay on input line 10.
LaTeX Font Info:    Checking defaults for PD1/pdf/m/n on input line 10.
LaTeX Font Info:    ... okay on input line 10.
(c:\program files\texmf\miktex\bin\..\..\tex\latex\graphics\color.sty
Package: color 1999/02/16 v1.0i Standard LaTeX Color (DPC)

(c:\program files\texmf\miktex\bin\..\..\tex\latex\00miktex\color.cfg
File: color.cfg 2003/03/08 v1.0 MiKTeX 'color' configuration
)
Package color Info: Driver file: dvips.def on input line 125.

(c:\program files\texmf\miktex\bin\..\..\tex\latex\graphics\dvipsnam.def
File: dvipsnam.def 1999/02/16 v3.0i Driver-dependant file (DPC,SPQR)
))
Package hyperref Info: Link coloring ON on input line 10.

(c:\program files\texmf\miktex\bin\..\..\tex\latex\hyperref\nameref.sty
Package: nameref 2003/10/30 v2.20 Cross-referencing by name of section
\c@section@level=\count97
)
LaTeX Info: Redefining \ref on input line 10.
LaTeX Info: Redefining \pageref on input line 10.
LaTeX Font Info:    External font `cmex10' loaded for size
(Font)              <12> on input line 14.
LaTeX Font Info:    External font `cmex10' loaded for size
(Font)              <8> on input line 14.
LaTeX Font Info:    External font `cmex10' loaded for size
(Font)              <6> on input line 14.

[1

]
Chapter 1.
LaTeX Font Info:    Try loading font information for T1+aett on input line 19.
(c:\program files\texmf\miktex\bin\..\..\tex\latex\ae\t1aett.fd
File: t1aett.fd 1997/11/16 Font definitions for T1/aett.
)
LaTeX Font Info:    External font `cmex10' loaded for size
(Font)              <10.95> on input line 50.
 [1

]
File: F1.eps Graphic file (type eps)
 <F1.eps>
File: F2.eps Graphic file (type eps)

<F2.eps>
File: F3.eps Graphic file (type eps)
 <F3.eps> [2] [3]

LaTeX Font Warning: Font shape `T1/aett/bx/n' undefined
(Font)              using `T1/aett/m/n' instead on input line 88.

File: F4.eps Graphic file (type eps)
<F4.eps>
File: F7.eps Graphic file (type eps)
 <F7.eps> [4]
LaTeX Font Info:    Try loading font information for OMS+aer on input line 171.


(c:\program files\texmf\miktex\bin\..\..\tex\latex\ae\omsaer.fd
File: omsaer.fd 1999/12/27
)
LaTeX Font Info:    Font shape `OMS/aer/m/n' in size <10.95> not available
(Font)              Font shape `OMS/cmsy/m/n' tried instead on input line 171.

Overfull \hbox (13.0243pt too wide) in paragraph at lines 171--174
\T1/aer/m/n/10.95 from [][]$\T1/aett/m/n/10.95 http : / / cran . r-[]project . 
org / doc / manuals / R-[]intro . html$[][] \T1/aer/m/n/10.95 (html)
 []

[5]
LaTeX Font Info:    External font `cmex10' loaded for size
(Font)              <9> on input line 202.
LaTeX Font Info:    External font `cmex10' loaded for size
(Font)              <5> on input line 202.
 [6]
File: F8.eps Graphic file (type eps)
 <F8.eps> [7] [8] [9] [10]
Underfull \hbox (badness 10000) in paragraph at lines 557--561

 []

[11] [12] [13]
Chapter 2.
[14

] [15]
Overfull \hbox (0.98099pt too wide) in paragraph at lines 791--803
[]\T1/aer/m/n/10.95 Investigates in-vari-ant item or-der-ing (IIO) us-ing metho
d \T1/aer/m/it/10.95 Man-i-fest IIO \T1/aer/m/n/10.95 (MIIO;
 []

[16] [17] [18]
File: mokken-E4Afigplot.eps Graphic file (type eps)
 <mokken-E4Afigplot.eps>
File: mokken-E4Bfigplot.eps Graphic file (type eps)
 <mokken-E4Bfigplot.eps>

LaTeX Warning: Float too large for page by 5.23361pt on input line 990.

[19] [20] [21] [22]
File: mokken-E7Afigplot.eps Graphic file (type eps)
 <mokken-E7Afigplot.eps>
File: mokken-E7Bfigplot.eps Graphic file (type eps)
 <mokken-E7Bfigplot.eps>

LaTeX Warning: Float too large for page by 5.23361pt on input line 1261.

[23] [24] [25]
Chapter 3.
[26

] [27] [28] [29] [30] [31] [32] [33] [34] [35] [36] [37] [38] [39] [40]
[41] [42] [43]
Overfull \hbox (2.86322pt too wide) in paragraph at lines 2338--2340
\T1/aer/m/n/10.95 from [][]$\T1/aett/m/n/10.95 http : / / cran . r-[]project . 
org / doc / contrib / Paradis-[]rdebuts _
 []


Overfull \hbox (19.50963pt too wide) in paragraph at lines 2346--2349
\T1/aer/m/n/10.95 manuscript. Re-trieved from [][]$\T1/aett/m/n/10.95 http : / 
/ cran . r-[]project . org / doc / manuals /
 []

[44] (mokken.aux)

LaTeX Font Warning: Some font shapes were not available, defaults substituted.

 ) 
Here is how much of TeX's memory you used:
 3233 strings out of 95933
 41946 string characters out of 1194876
 84684 words of memory out of 1085164
 6073 multiletter control sequences out of 35000
 33377 words of font info for 56 fonts, out of 500000 for 1000
 14 hyphenation exceptions out of 607
 35i,8n,27p,444b,406s stack positions out of 1500i,500n,5000p,200000b,32768s

Output written on mokken.dvi (45 pages, 97992 bytes).
